0 info it worked if it ends with ok
1 verbose cli [ '/usr/local/bin/node', '/usr/local/bin/npm', 'init' ]
2 info using npm@1.4.14
3 info using node@v0.10.29
4 verbose node symlink /usr/local/bin/node
5 silly package data undefined
6 info init written successfully
7 error Error: Invalid name: "npm install express - -no- bin-links"
7 error     at ensureValidName (/opt/node-v0.10.29-linux-x86/lib/node_modules/npm/node_modules/read-package-json/node_modules/normalize-package-data/lib/fixer.js:300:15)
7 error     at Object.module.exports.fixNameField (/opt/node-v0.10.29-linux-x86/lib/node_modules/npm/node_modules/read-package-json/node_modules/normalize-package-data/lib/fixer.js:204:5)
7 error     at /opt/node-v0.10.29-linux-x86/lib/node_modules/npm/node_modules/read-package-json/node_modules/normalize-package-data/lib/normalize.js:30:38
7 error     at Array.forEach (native)
7 error     at normalize (/opt/node-v0.10.29-linux-x86/lib/node_modules/npm/node_modules/read-package-json/node_modules/normalize-package-data/lib/normalize.js:29:15)
7 error     at final (/opt/node-v0.10.29-linux-x86/lib/node_modules/npm/node_modules/read-package-json/read-json.js:342:33)
7 error     at then (/opt/node-v0.10.29-linux-x86/lib/node_modules/npm/node_modules/read-package-json/read-json.js:126:33)
7 error     at /opt/node-v0.10.29-linux-x86/lib/node_modules/npm/node_modules/read-package-json/read-json.js:316:48
7 error     at fs.js:207:20
7 error     at OpenReq.Req.done (/opt/node-v0.10.29-linux-x86/lib/node_modules/npm/node_modules/graceful-fs/graceful-fs.js:144:5)
8 error If you need help, you may report this *entire* log,
8 error including the npm and node versions, at:
8 error     <http://github.com/npm/npm/issues>
9 error System Linux 3.2.0-23-generic-pae
10 error command "/usr/local/bin/node" "/usr/local/bin/npm" "init"
11 error cwd /home/vagrant/app/Homework#5
12 error node -v v0.10.29
13 error npm -v 1.4.14
14 verbose exit [ 1, true ]
